This file contains any messages produced by compilers while
running configure, to aid debugging if configure makes a mistake.

It was created by bluez configure 5.31, which was
generated by GNU Autoconf 2.69.  Invocation command line was

  $ ./configure --prefix=/usr --mandir=/usr/share/man --sysconfdir=/etc --localstatedir=/var --disable-systemd --enable-experimental --enable-maintainer-mode

## --------- ##
## Platform. ##
## --------- ##

hostname = engineer
uname -m = x86_64
uname -r = 5.15.0-102-generic
uname -s = Linux
uname -v = #112~20.04.1-Ubuntu SMP Thu Mar 14 14:28:24 UTC 2024

/usr/bin/uname -p = x86_64
/bin/uname -X     = unknown

/bin/arch              = x86_64
/usr/bin/arch -k       = unknown
/usr/convex/getsysinfo = unknown
/usr/bin/hostinfo      = unknown
/bin/machine           = unknown
/usr/bin/oslevel       = unknown
/bin/universe          = unknown

PATH: /home/engineer/bin
PATH: /usr/local/sbin
PATH: /usr/local/bin
PATH: /usr/sbin
PATH: /usr/bin
PATH: /sbin
PATH: /bin
PATH: /usr/games
PATH: /usr/local/games
PATH: /snap/bin


## ----------- ##
## Core tests. ##
## ----------- ##

configure:2404: checking for a BSD-compatible install
configure:2472: result: /usr/bin/install -c
configure:2483: checking whether build environment is sane
configure:2538: result: yes
configure:2687: checking for a thread-safe mkdir -p
configure:2726: result: /usr/bin/mkdir -p
configure:2733: checking for gawk
configure:2749: found /usr/bin/gawk
configure:2760: result: gawk
configure:2771: checking whether make sets $(MAKE)
configure:2793: result: yes
configure:2822: checking whether make supports nested variables
configure:2839: result: yes
configure:2918: checking how to create a pax tar archive
configure:2929: tar --version
tar (GNU tar) 1.30
Copyright (C) 2017 Free Software Foundation, Inc.
License GPLv3+: GNU GPL version 3 or later <https://gnu.org/licenses/gpl.html>.
This is free software: you are free to change and redistribute it.
There is NO WARRANTY, to the extent permitted by law.

Written by John Gilmore and Jay Fenlason.
configure:2932: $? = 0
configure:2972: tardir=conftest.dir && eval tar --format=posix -chf - "$tardir" >conftest.tar
configure:2975: $? = 0
configure:2979: tar -xf - <conftest.tar
configure:2982: $? = 0
configure:2984: cat conftest.dir/file
GrepMe
configure:2987: $? = 0
configure:3000: result: gnutar
configure:3064: checking for style of include used by make
configure:3092: result: GNU
configure:3163: checking for gcc
configure:3179: found /usr/bin/gcc
configure:3190: result: gcc
configure:3419: checking for C compiler version
configure:3428: gcc --version >&5
gcc (Ubuntu 9.4.0-1ubuntu1~20.04.2) 9.4.0
Copyright (C) 2019 Free Software Foundation, Inc.
This is free software; see the source for copying conditions.  There is NO
warranty; not even for MERCHANTABILITY or FITNESS FOR A PARTICULAR PURPOSE.

configure:3439: $? = 0
configure:3428: gcc -v >&5
Using built-in specs.
COLLECT_GCC=gcc
COLLECT_LTO_WRAPPER=/usr/lib/gcc/x86_64-linux-gnu/9/lto-wrapper
OFFLOAD_TARGET_NAMES=nvptx-none:hsa
OFFLOAD_TARGET_DEFAULT=1
Target: x86_64-linux-gnu
Configured with: ../src/configure -v --with-pkgversion='Ubuntu 9.4.0-1ubuntu1~20.04.2' --with-bugurl=file:///usr/share/doc/gcc-9/README.Bugs --enable-languages=c,ada,c++,go,brig,d,fortran,objc,obj-c++,gm2 --prefix=/usr --with-gcc-major-version-only --program-suffix=-9 --program-prefix=x86_64-linux-gnu- --enable-shared --enable-linker-build-id --libexecdir=/usr/lib --without-included-gettext --enable-threads=posix --libdir=/usr/lib --enable-nls --enable-clocale=gnu --enable-libstdcxx-debug --enable-libstdcxx-time=yes --with-default-libstdcxx-abi=new --enable-gnu-unique-object --disable-vtable-verify --enable-plugin --enable-default-pie --with-system-zlib --with-target-system-zlib=auto --enable-objc-gc=auto --enable-multiarch --disable-werror --with-arch-32=i686 --with-abi=m64 --with-multilib-list=m32,m64,mx32 --enable-multilib --with-tune=generic --enable-offload-targets=nvptx-none=/build/gcc-9-9QDOt0/gcc-9-9.4.0/debian/tmp-nvptx/usr,hsa --without-cuda-driver --enable-checking=release --build=x86_64-linux-gnu --host=x86_64-linux-gnu --target=x86_64-linux-gnu
Thread model: posix
gcc version 9.4.0 (Ubuntu 9.4.0-1ubuntu1~20.04.2) 
configure:3439: $? = 0
configure:3428: gcc -V >&5
gcc: error: unrecognized command line option '-V'
gcc: fatal error: no input files
compilation terminated.
configure:3439: $? = 1
configure:3428: gcc -qversion >&5
gcc: error: unrecognized command line option '-qversion'; did you mean '--version'?
gcc: fatal error: no input files
compilation terminated.
configure:3439: $? = 1
configure:3459: checking whether the C compiler works
configure:3481: gcc    conftest.c  >&5
configure:3485: $? = 0
configure:3533: result: yes
configure:3536: checking for C compiler default output file name
configure:3538: result: a.out
configure:3544: checking for suffix of executables
configure:3551: gcc -o conftest    conftest.c  >&5
configure:3555: $? = 0
configure:3577: result: 
configure:3599: checking whether we are cross compiling
configure:3607: gcc -o conftest    conftest.c  >&5
configure:3611: $? = 0
configure:3618: ./conftest
configure:3622: $? = 0
configure:3610: result: no
configure:3615: checking for suffix of object files
configure:3637: gcc -c   conftest.c >&5
configure:3641: $? = 0
configure:3662: result: o
configure:3666: checking whether we are using the GNU C compiler
configure:3685: gcc -c   conftest.c >&5
configure:3685: $? = 0
configure:3694: result: yes
configure:3703: checking whether gcc accepts -g
configure:3723: gcc -c -g  conftest.c >&5
configure:3723: $? = 0
configure:3764: result: yes
configure:3781: checking for gcc option to accept ISO C89
configure:3844: gcc  -c -g -O2  conftest.c >&5
configure:3844: $? = 0
configure:3857: result: none needed
configure:3882: checking whether gcc understands -c and -o together
configure:3904: gcc -c conftest.c -o conftest2.o
configure:3907: $? = 0
configure:3904: gcc -c conftest.c -o conftest2.o
configure:3907: $? = 0
configure:3919: result: yes
configure:3938: checking dependency style of gcc
configure:4049: result: gcc3
configure:4070: checking how to run the C preprocessor
configure:4101: gcc -E  conftest.c
configure:4101: $? = 0
configure:4115: gcc -E  conftest.c
conftest.c:11:10: fatal error: ac_nonexistent.h: No such file or directory
   11 | #include <ac_nonexistent.h>
      |          ^~~~~~~~~~~~~~~~~~
compilation terminated.
configure:4115: $? = 1
configure: failed program was:
| /* confdefs.h */
| #define PACKAGE_NAME "bluez"
| #define PACKAGE_TARNAME "bluez"
| #define PACKAGE_VERSION "5.31"
| #define PACKAGE_STRING "bluez 5.31"
| #define PACKAGE_BUGREPORT ""
| #define PACKAGE_URL ""
| #define PACKAGE "bluez"
| #define VERSION "5.31"
| /* end confdefs.h.  */
| #include <ac_nonexistent.h>
configure:4140: result: gcc -E
configure:4160: gcc -E  conftest.c
configure:4160: $? = 0
configure:4174: gcc -E  conftest.c
conftest.c:11:10: fatal error: ac_nonexistent.h: No such file or directory
   11 | #include <ac_nonexistent.h>
      |          ^~~~~~~~~~~~~~~~~~
compilation terminated.
configure:4174: $? = 1
configure: failed program was:
| /* confdefs.h */
| #define PACKAGE_NAME "bluez"
| #define PACKAGE_TARNAME "bluez"
| #define PACKAGE_VERSION "5.31"
| #define PACKAGE_STRING "bluez 5.31"
| #define PACKAGE_BUGREPORT ""
| #define PACKAGE_URL ""
| #define PACKAGE "bluez"
| #define VERSION "5.31"
| /* end confdefs.h.  */
| #include <ac_nonexistent.h>
configure:4203: checking for grep that handles long lines and -e
configure:4261: result: /usr/bin/grep
configure:4266: checking for egrep
configure:4328: result: /usr/bin/grep -E
configure:4333: checking for ANSI C header files
configure:4353: gcc -c -g -O2  conftest.c >&5
configure:4353: $? = 0
configure:4426: gcc -o conftest -g -O2   conftest.c  >&5
configure:4426: $? = 0
configure:4426: ./conftest
configure:4426: $? = 0
configure:4437: result: yes
configure:4450: checking for sys/types.h
configure:4450: gcc -c -g -O2  conftest.c >&5
configure:4450: $? = 0
configure:4450: result: yes
configure:4450: checking for sys/stat.h
configure:4450: gcc -c -g -O2  conftest.c >&5
configure:4450: $? = 0
configure:4450: result: yes
configure:4450: checking for stdlib.h
configure:4450: gcc -c -g -O2  conftest.c >&5
configure:4450: $? = 0
configure:4450: result: yes
configure:4450: checking for string.h
configure:4450: gcc -c -g -O2  conftest.c >&5
configure:4450: $? = 0
configure:4450: result: yes
configure:4450: checking for memory.h
configure:4450: gcc -c -g -O2  conftest.c >&5
configure:4450: $? = 0
configure:4450: result: yes
configure:4450: checking for strings.h
configure:4450: gcc -c -g -O2  conftest.c >&5
configure:4450: $? = 0
configure:4450: result: yes
configure:4450: checking for inttypes.h
configure:4450: gcc -c -g -O2  conftest.c >&5
configure:4450: $? = 0
configure:4450: result: yes
configure:4450: checking for stdint.h
configure:4450: gcc -c -g -O2  conftest.c >&5
configure:4450: $? = 0
configure:4450: result: yes
configure:4450: checking for unistd.h
configure:4450: gcc -c -g -O2  conftest.c >&5
configure:4450: $? = 0
configure:4450: result: yes
configure:4463: checking minix/config.h usability
configure:4463: gcc -c -g -O2  conftest.c >&5
conftest.c:54:10: fatal error: minix/config.h: No such file or directory
   54 | #include <minix/config.h>
      |          ^~~~~~~~~~~~~~~~
compilation terminated.
configure:4463: $? = 1
configure: failed program was:
| /* confdefs.h */
| #define PACKAGE_NAME "bluez"
| #define PACKAGE_TARNAME "bluez"
| #define PACKAGE_VERSION "5.31"
| #define PACKAGE_STRING "bluez 5.31"
| #define PACKAGE_BUGREPORT ""
| #define PACKAGE_URL ""
| #define PACKAGE "bluez"
| #define VERSION "5.31"
| #define STDC_HEADERS 1
| #define HAVE_SYS_TYPES_H 1
| #define HAVE_SYS_STAT_H 1
| #define HAVE_STDLIB_H 1
| #define HAVE_STRING_H 1
| #define HAVE_MEMORY_H 1
| #define HAVE_STRINGS_H 1
| #define HAVE_INTTYPES_H 1
| #define HAVE_STDINT_H 1
| #define HAVE_UNISTD_H 1
| /* end confdefs.h.  */
| #include <stdio.h>
| #ifdef HAVE_SYS_TYPES_H
| # include <sys/types.h>
| #endif
| #ifdef HAVE_SYS_STAT_H
| # include <sys/stat.h>
| #endif
| #ifdef STDC_HEADERS
| # include <stdlib.h>
| # include <stddef.h>
| #else
| # ifdef HAVE_STDLIB_H
| #  include <stdlib.h>
| # endif
| #endif
| #ifdef HAVE_STRING_H
| # if !defined STDC_HEADERS && defined HAVE_MEMORY_H
| #  include <memory.h>
| # endif
| # include <string.h>
| #endif
| #ifdef HAVE_STRINGS_H
| # include <strings.h>
| #endif
| #ifdef HAVE_INTTYPES_H
| # include <inttypes.h>
| #endif
| #ifdef HAVE_STDINT_H
| # include <stdint.h>
| #endif
| #ifdef HAVE_UNISTD_H
| # include <unistd.h>
| #endif
| #include <minix/config.h>
configure:4463: result: no
configure:4463: checking minix/config.h presence
configure:4463: gcc -E  conftest.c
conftest.c:21:10: fatal error: minix/config.h: No such file or directory
   21 | #include <minix/config.h>
      |          ^~~~~~~~~~~~~~~~
compilation terminated.
configure:4463: $? = 1
configure: failed program was:
| /* confdefs.h */
| #define PACKAGE_NAME "bluez"
| #define PACKAGE_TARNAME "bluez"
| #define PACKAGE_VERSION "5.31"
| #define PACKAGE_STRING "bluez 5.31"
| #define PACKAGE_BUGREPORT ""
| #define PACKAGE_URL ""
| #define PACKAGE "bluez"
| #define VERSION "5.31"
| #define STDC_HEADERS 1
| #define HAVE_SYS_TYPES_H 1
| #define HAVE_SYS_STAT_H 1
| #define HAVE_STDLIB_H 1
| #define HAVE_STRING_H 1
| #define HAVE_MEMORY_H 1
| #define HAVE_STRINGS_H 1
| #define HAVE_INTTYPES_H 1
| #define HAVE_STDINT_H 1
| #define HAVE_UNISTD_H 1
| /* end confdefs.h.  */
| #include <minix/config.h>
configure:4463: result: no
configure:4463: checking for minix/config.h
configure:4463: result: no
configure:4484: checking whether it is safe to define __EXTENSIONS__
configure:4502: gcc -c -g -O2  conftest.c >&5
configure:4502: $? = 0
configure:4509: result: yes
configure:4535: checking whether make supports nested variables
configure:4552: result: yes
configure:4565: checking whether to enable maintainer-specific portions of Makefiles
configure:4574: result: yes
configure:4644: checking for pkg-config
configure:4662: found /usr/bin/pkg-config
configure:4674: result: /usr/bin/pkg-config
configure:4699: checking pkg-config is at least version 0.9.0
configure:4702: result: yes
configure:4738: checking for C/C++ restrict keyword
configure:4763: gcc -c -g -O2  conftest.c >&5
configure:4763: $? = 0
configure:4771: result: __restrict
configure:4833: checking for gcc
configure:4860: result: gcc
configure:5089: checking for C compiler version
configure:5098: gcc --version >&5
gcc (Ubuntu 9.4.0-1ubuntu1~20.04.2) 9.4.0
Copyright (C) 2019 Free Software Foundation, Inc.
This is free software; see the source for copying conditions.  There is NO
warranty; not even for MERCHANTABILITY or FITNESS FOR A PARTICULAR PURPOSE.

configure:5109: $? = 0
configure:5098: gcc -v >&5
Using built-in specs.
COLLECT_GCC=gcc
COLLECT_LTO_WRAPPER=/usr/lib/gcc/x86_64-linux-gnu/9/lto-wrapper
OFFLOAD_TARGET_NAMES=nvptx-none:hsa
OFFLOAD_TARGET_DEFAULT=1
Target: x86_64-linux-gnu
Configured with: ../src/configure -v --with-pkgversion='Ubuntu 9.4.0-1ubuntu1~20.04.2' --with-bugurl=file:///usr/share/doc/gcc-9/README.Bugs --enable-languages=c,ada,c++,go,brig,d,fortran,objc,obj-c++,gm2 --prefix=/usr --with-gcc-major-version-only --program-suffix=-9 --program-prefix=x86_64-linux-gnu- --enable-shared --enable-linker-build-id --libexecdir=/usr/lib --without-included-gettext --enable-threads=posix --libdir=/usr/lib --enable-nls --enable-clocale=gnu --enable-libstdcxx-debug --enable-libstdcxx-time=yes --with-default-libstdcxx-abi=new --enable-gnu-unique-object --disable-vtable-verify --enable-plugin --enable-default-pie --with-system-zlib --with-target-system-zlib=auto --enable-objc-gc=auto --enable-multiarch --disable-werror --with-arch-32=i686 --with-abi=m64 --with-multilib-list=m32,m64,mx32 --enable-multilib --with-tune=generic --enable-offload-targets=nvptx-none=/build/gcc-9-9QDOt0/gcc-9-9.4.0/debian/tmp-nvptx/usr,hsa --without-cuda-driver --enable-checking=release --build=x86_64-linux-gnu --host=x86_64-linux-gnu --target=x86_64-linux-gnu
Thread model: posix
gcc version 9.4.0 (Ubuntu 9.4.0-1ubuntu1~20.04.2) 
configure:5109: $? = 0
configure:5098: gcc -V >&5
gcc: error: unrecognized command line option '-V'
gcc: fatal error: no input files
compilation terminated.
configure:5109: $? = 1
configure:5098: gcc -qversion >&5
gcc: error: unrecognized command line option '-qversion'; did you mean '--version'?
gcc: fatal error: no input files
compilation terminated.
configure:5109: $? = 1
configure:5113: checking whether we are using the GNU C compiler
configure:5141: result: yes
configure:5150: checking whether gcc accepts -g
configure:5211: result: yes
configure:5228: checking for gcc option to accept ISO C89
configure:5304: result: none needed
configure:5329: checking whether gcc understands -c and -o together
configure:5366: result: yes
configure:5385: checking dependency style of gcc
configure:5496: result: gcc3
configure:5513: checking whether gcc accepts -fPIE
configure:5528: result: yes
configure:5597: checking build system type
configure:5611: result: x86_64-unknown-linux-gnu
configure:5631: checking host system type
configure:5644: result: x86_64-unknown-linux-gnu
configure:5685: checking how to print strings
configure:5712: result: printf
configure:5733: checking for a sed that does not truncate output
configure:5797: result: /usr/bin/sed
configure:5815: checking for fgrep
configure:5877: result: /usr/bin/grep -F
configure:5912: checking for ld used by gcc
configure:5979: result: /usr/bin/ld
configure:5986: checking if the linker (/usr/bin/ld) is GNU ld
configure:6001: result: yes
configure:6013: checking for BSD- or MS-compatible name lister (nm)
configure:6062: result: /usr/bin/nm -B
configure:6192: checking the name lister (/usr/bin/nm -B) interface
configure:6199: gcc -c -g -O2  conftest.c >&5
configure:6202: /usr/bin/nm -B "conftest.o"
configure:6205: output
0000000000000000 B some_variable
configure:6206: result: BSD nm
configure:6209: checking whether ln -s works
configure:6213: result: yes
configure:6221: checking the maximum length of command line arguments
configure:6352: result: 1572864
configure:6369: checking whether the shell understands some XSI constructs
configure:6378: result: yes
configure:6382: checking whether the shell understands "+="
configure:6386: result: yes
configure:6421: checking how to convert x86_64-unknown-linux-gnu file names to x86_64-unknown-linux-gnu format
configure:6461: result: func_convert_file_noop
configure:6468: checking how to convert x86_64-unknown-linux-gnu file names to toolchain format
configure:6488: result: func_convert_file_noop
configure:6495: checking for /usr/bin/ld option to reload object files
configure:6502: result: -r
configure:6576: checking for objdump
configure:6592: found /usr/bin/objdump
configure:6603: result: objdump
configure:6635: checking how to recognize dependent libraries
configure:6833: result: pass_all
configure:6918: checking for dlltool
configure:6948: result: no
configure:6978: checking how to associate runtime and link libraries
configure:7005: result: printf %s\n
configure:7065: checking for ar
configure:7081: found /usr/bin/ar
configure:7092: result: ar
configure:7129: checking for archiver @FILE support
configure:7146: gcc -c -g -O2  conftest.c >&5
configure:7146: $? = 0
configure:7149: ar cru libconftest.a @conftest.lst >&5
ar: `u' modifier ignored since `D' is the default (see `U')
configure:7152: $? = 0
configure:7157: ar cru libconftest.a @conftest.lst >&5
ar: `u' modifier ignored since `D' is the default (see `U')
ar: conftest.o: No such file or directory
configure:7160: $? = 1
configure:7159: result: @
configure:7217: checking for strip
configure:7233: found /usr/bin/strip
configure:7244: result: strip
configure:7316: checking for ranlib
configure:7332: found /usr/bin/ranlib
configure:7343: result: ranlib
configure:7445: checking command to parse /usr/bin/nm -B output from gcc object
configure:7565: gcc -c -g -O2  conftest.c >&5
configure:7568: $? = 0
configure:7572: /usr/bin/nm -B conftest.o \| sed -n -e 's/^.*[ ]\([ABCDGIRSTW][ABCDGIRSTW]*\)[ ][ ]*\([_A-Za-z][_A-Za-z0-9]*\)$/\1 \2 \2/p' | sed '/ __gnu_lto/d' \> conftest.nm
configure:7575: $? = 0
configure:7641: gcc -o conftest -g -O2   conftest.c conftstm.o >&5
configure:7644: $? = 0
configure:7682: result: ok
configure:7719: checking for sysroot
configure:7749: result: no
configure:7826: gcc -c -g -O2  conftest.c >&5
configure:7829: $? = 0
configure:8018: checking for mt
configure:8034: found /usr/bin/mt
configure:8045: result: mt
configure:8068: checking if mt is a manifest tool
configure:8074: mt '-?'
configure:8082: result: no
configure:8721: checking for dlfcn.h
configure:8721: gcc -c -g -O2  conftest.c >&5
configure:8721: $? = 0
configure:8721: result: yes
configure:8897: checking for objdir
configure:8912: result: .libs
configure:9179: checking if gcc supports -fno-rtti -fno-exceptions
configure:9197: gcc -c -g -O2  -fno-rtti -fno-exceptions conftest.c >&5
cc1: warning: command line option '-fno-rtti' is valid for C++/D/ObjC++ but not for C
configure:9201: $? = 0
configure:9214: result: no
configure:9541: checking for gcc option to produce PIC
configure:9548: result: -fPIC -DPIC
configure:9556: checking if gcc PIC flag -fPIC -DPIC works
configure:9574: gcc -c -g -O2  -fPIC -DPIC -DPIC conftest.c >&5
configure:9578: $? = 0
configure:9591: result: yes
configure:9620: checking if gcc static flag -static works
configure:9648: result: yes
configure:9663: checking if gcc supports -c -o file.o
configure:9684: gcc -c -g -O2  -o out/conftest2.o conftest.c >&5
configure:9688: $? = 0
configure:9710: result: yes
configure:9718: checking if gcc supports -c -o file.o
configure:9765: result: yes
configure:9798: checking whether the gcc linker (/usr/bin/ld -m elf_x86_64) supports shared libraries
configure:10955: result: yes
configure:10992: checking whether -lc should be explicitly linked in
configure:11000: gcc -c -g -O2  conftest.c >&5
configure:11003: $? = 0
configure:11018: gcc -shared  -fPIC -DPIC conftest.o  -v -Wl,-soname -Wl,conftest -o conftest 2\>\&1 \| /usr/bin/grep  -lc  \>/dev/null 2\>\&1
configure:11021: $? = 0
configure:11035: result: no
configure:11195: checking dynamic linker characteristics
configure:11695: gcc -o conftest -g -O2   -Wl,-rpath -Wl,/foo conftest.c  >&5
configure:11695: $? = 0
configure:11929: result: GNU/Linux ld.so
configure:12036: checking how to hardcode library paths into programs
configure:12061: result: immediate
configure:12601: checking whether stripping libraries is possible
configure:12606: result: yes
configure:12641: checking if libtool supports shared libraries
configure:12643: result: yes
configure:12646: checking whether to build shared libraries
configure:12667: result: yes
configure:12670: checking whether to build static libraries
configure:12674: result: no
configure:9720: checking for lcov
configure:9748: result: no
configure:9758: checking for dbus-run-session
configure:9774: found /usr/bin/dbus-run-session
configure:9785: result: yes
configure:9860: checking for signalfd
configure:9860: gcc -o conftest -g -O2   conftest.c  >&5
configure:9860: $? = 0
configure:9860: result: yes
configure:9868: checking for clock_gettime in -lrt
configure:9893: gcc -o conftest -g -O2   conftest.c -lrt   >&5
configure:9893: $? = 0
configure:9902: result: yes
configure:9911: checking for pthread_create in -lpthread
configure:9936: gcc -o conftest -g -O2   conftest.c -lpthread   >&5
configure:9936: $? = 0
configure:9945: result: yes
configure:9954: checking for dlopen in -ldl
configure:9979: gcc -o conftest -g -O2   conftest.c -ldl   >&5
configure:9979: $? = 0
configure:9988: result: yes
configure:10000: checking linux/types.h usability
configure:10000: gcc -c -g -O2  conftest.c >&5
configure:10000: $? = 0
configure:10000: result: yes
configure:10000: checking linux/types.h presence
configure:10000: gcc -E  conftest.c
configure:10000: $? = 0
configure:10000: result: yes
configure:10000: checking for linux/types.h
configure:10000: result: yes
configure:10000: checking linux/if_alg.h usability
configure:10000: gcc -c -g -O2  conftest.c >&5
configure:10000: $? = 0
configure:10000: result: yes
configure:10000: checking linux/if_alg.h presence
configure:10000: gcc -E  conftest.c
configure:10000: $? = 0
configure:10000: result: yes
configure:10000: checking for linux/if_alg.h
configure:10000: result: yes
configure:10013: checking for GLIB
configure:10020: $PKG_CONFIG --exists --print-errors "glib-2.0 >= 2.28"
configure:10023: $? = 0
configure:10037: $PKG_CONFIG --exists --print-errors "glib-2.0 >= 2.28"
configure:10040: $? = 0
configure:10078: result: yes
configure:10166: checking for DBUS
configure:10173: $PKG_CONFIG --exists --print-errors "dbus-1 >= 1.6"
configure:10176: $? = 0
configure:10190: $PKG_CONFIG --exists --print-errors "dbus-1 >= 1.6"
configure:10193: $? = 0
configure:10231: result: yes
configure:10245: checking D-Bus configuration directory
configure:10251: result: /etc
configure:10264: checking D-Bus system bus services dir
configure:10270: result: /usr/share/dbus-1/system-services
configure:10283: checking D-Bus session bus services dir
configure:10289: result: /usr/share/dbus-1/services
configure:10359: checking for UDEV
configure:10366: $PKG_CONFIG --exists --print-errors "libudev >= 172"
configure:10369: $? = 0
configure:10383: $PKG_CONFIG --exists --print-errors "libudev >= 172"
configure:10386: $? = 0
configure:10424: result: yes
configure:10430: checking for udev_hwdb_new in -ludev
configure:10455: gcc -o conftest -g -O2   conftest.c -ludev   >&5
configure:10455: $? = 0
configure:10464: result: yes
configure:10489: checking udev directory
configure:10495: result: /lib/udev
configure:10533: checking for ICAL
configure:10540: $PKG_CONFIG --exists --print-errors "libical"
configure:10543: $? = 0
configure:10557: $PKG_CONFIG --exists --print-errors "libical"
configure:10560: $? = 0
configure:10598: result: yes
configure:10631: checking readline/readline.h usability
configure:10631: gcc -c -g -O2  conftest.c >&5
configure:10631: $? = 0
configure:10631: result: yes
configure:10631: checking readline/readline.h presence
configure:10631: gcc -E  conftest.c
configure:10631: $? = 0
configure:10631: result: yes
configure:10631: checking for readline/readline.h
configure:10631: result: yes
configure:11070: checking that generated files are newer than configure
configure:11076: result: done
configure:11179: creating ./config.status

## ---------------------- ##
## Running config.status. ##
## ---------------------- ##

This file was extended by bluez config.status 5.31, which was
generated by GNU Autoconf 2.69.  Invocation command line was

  CONFIG_FILES    = 
  CONFIG_HEADERS  = 
  CONFIG_LINKS    = 
  CONFIG_COMMANDS = 
  $ ./config.status 

on engineer

config.status:1161: creating Makefile
config.status:1161: creating src/bluetoothd.8
config.status:1161: creating lib/bluez.pc
config.status:1161: creating config.h
config.status:1390: executing depfiles commands
config.status:1390: executing libtool commands

## ---------------- ##
## Cache variables. ##
## ---------------- ##

ac_cv_build=x86_64-unknown-linux-gnu
ac_cv_c_compiler_gnu=yes
ac_cv_c_restrict=__restrict
ac_cv_env_CC_set=
ac_cv_env_CC_value=
ac_cv_env_CFLAGS_set=
ac_cv_env_CFLAGS_value=
ac_cv_env_CPPFLAGS_set=
ac_cv_env_CPPFLAGS_value=
ac_cv_env_CPP_set=
ac_cv_env_CPP_value=
ac_cv_env_DBUS_CFLAGS_set=
ac_cv_env_DBUS_CFLAGS_value=
ac_cv_env_DBUS_LIBS_set=
ac_cv_env_DBUS_LIBS_value=
ac_cv_env_GLIB_CFLAGS_set=
ac_cv_env_GLIB_CFLAGS_value=
ac_cv_env_GLIB_LIBS_set=
ac_cv_env_GLIB_LIBS_value=
ac_cv_env_GTHREAD_CFLAGS_set=
ac_cv_env_GTHREAD_CFLAGS_value=
ac_cv_env_GTHREAD_LIBS_set=
ac_cv_env_GTHREAD_LIBS_value=
ac_cv_env_ICAL_CFLAGS_set=
ac_cv_env_ICAL_CFLAGS_value=
ac_cv_env_ICAL_LIBS_set=
ac_cv_env_ICAL_LIBS_value=
ac_cv_env_LDFLAGS_set=
ac_cv_env_LDFLAGS_value=
ac_cv_env_LIBS_set=
ac_cv_env_LIBS_value=
ac_cv_env_PKG_CONFIG_LIBDIR_set=
ac_cv_env_PKG_CONFIG_LIBDIR_value=
ac_cv_env_PKG_CONFIG_PATH_set=
ac_cv_env_PKG_CONFIG_PATH_value=
ac_cv_env_PKG_CONFIG_set=
ac_cv_env_PKG_CONFIG_value=
ac_cv_env_SBC_CFLAGS_set=
ac_cv_env_SBC_CFLAGS_value=
ac_cv_env_SBC_LIBS_set=
ac_cv_env_SBC_LIBS_value=
ac_cv_env_SPEEXDSP_CFLAGS_set=
ac_cv_env_SPEEXDSP_CFLAGS_value=
ac_cv_env_SPEEXDSP_LIBS_set=
ac_cv_env_SPEEXDSP_LIBS_value=
ac_cv_env_UDEV_CFLAGS_set=
ac_cv_env_UDEV_CFLAGS_value=
ac_cv_env_UDEV_LIBS_set=
ac_cv_env_UDEV_LIBS_value=
ac_cv_env_build_alias_set=
ac_cv_env_build_alias_value=
ac_cv_env_host_alias_set=
ac_cv_env_host_alias_value=
ac_cv_env_target_alias_set=
ac_cv_env_target_alias_value=
ac_cv_func_signalfd=yes
ac_cv_header_dlfcn_h=yes
ac_cv_header_inttypes_h=yes
ac_cv_header_linux_if_alg_h=yes
ac_cv_header_linux_types_h=yes
ac_cv_header_memory_h=yes
ac_cv_header_minix_config_h=no
ac_cv_header_readline_readline_h=yes
ac_cv_header_stdc=yes
ac_cv_header_stdint_h=yes
ac_cv_header_stdlib_h=yes
ac_cv_header_string_h=yes
ac_cv_header_strings_h=yes
ac_cv_header_sys_stat_h=yes
ac_cv_header_sys_types_h=yes
ac_cv_header_unistd_h=yes
ac_cv_host=x86_64-unknown-linux-gnu
ac_cv_lib_dl_dlopen=yes
ac_cv_lib_pthread_pthread_create=yes
ac_cv_lib_rt_clock_gettime=yes
ac_cv_lib_udev_udev_hwdb_new=yes
ac_cv_objext=o
ac_cv_path_EGREP='/usr/bin/grep -E'
ac_cv_path_FGREP='/usr/bin/grep -F'
ac_cv_path_GREP=/usr/bin/grep
ac_cv_path_SED=/usr/bin/sed
ac_cv_path_ac_pt_PKG_CONFIG=/usr/bin/pkg-config
ac_cv_path_install='/usr/bin/install -c'
ac_cv_path_mkdir=/usr/bin/mkdir
ac_cv_prog_AWK=gawk
ac_cv_prog_CPP='gcc -E'
ac_cv_prog_ac_ct_AR=ar
ac_cv_prog_ac_ct_CC=gcc
ac_cv_prog_ac_ct_MANIFEST_TOOL=mt
ac_cv_prog_ac_ct_OBJDUMP=objdump
ac_cv_prog_ac_ct_RANLIB=ranlib
ac_cv_prog_ac_ct_STRIP=strip
ac_cv_prog_cc_c89=
ac_cv_prog_cc_g=yes
ac_cv_prog_cc_pie=yes
ac_cv_prog_enable_coverage=no
ac_cv_prog_enable_dbus_run_session=yes
ac_cv_prog_make_make_set=yes
ac_cv_safe_to_define___extensions__=yes
am_cv_CC_dependencies_compiler_type=gcc3
am_cv_make_support_nested_variables=yes
am_cv_prog_cc_c_o=yes
am_cv_prog_tar_pax=gnutar
lt_cv_ar_at_file=@
lt_cv_archive_cmds_need_lc=no
lt_cv_deplibs_check_method=pass_all
lt_cv_file_magic_cmd='$MAGIC_CMD'
lt_cv_file_magic_test_file=
lt_cv_ld_reload_flag=-r
lt_cv_nm_interface='BSD nm'
lt_cv_objdir=.libs
lt_cv_path_LD=/usr/bin/ld
lt_cv_path_NM='/usr/bin/nm -B'
lt_cv_path_mainfest_tool=no
lt_cv_prog_compiler_c_o=yes
lt_cv_prog_compiler_pic='-fPIC -DPIC'
lt_cv_prog_compiler_pic_works=yes
lt_cv_prog_compiler_rtti_exceptions=no
lt_cv_prog_compiler_static_works=yes
lt_cv_prog_gnu_ld=yes
lt_cv_sharedlib_from_linklib_cmd='printf %s\n'
lt_cv_shlibpath_overrides_runpath=yes
lt_cv_sys_global_symbol_pipe='sed -n -e '\''s/^.*[	 ]\([ABCDGIRSTW][ABCDGIRSTW]*\)[	 ][	 ]*\([_A-Za-z][_A-Za-z0-9]*\)$/\1 \2 \2/p'\'' | sed '\''/ __gnu_lto/d'\'''
lt_cv_sys_global_symbol_to_c_name_address='sed -n -e '\''s/^: \([^ ]*\)[ ]*$/  {\"\1\", (void *) 0},/p'\'' -e '\''s/^[ABCDGIRSTW]* \([^ ]*\) \([^ ]*\)$/  {"\2", (void *) \&\2},/p'\'''
lt_cv_sys_global_symbol_to_c_name_address_lib_prefix='sed -n -e '\''s/^: \([^ ]*\)[ ]*$/  {\"\1\", (void *) 0},/p'\'' -e '\''s/^[ABCDGIRSTW]* \([^ ]*\) \(lib[^ ]*\)$/  {"\2", (void *) \&\2},/p'\'' -e '\''s/^[ABCDGIRSTW]* \([^ ]*\) \([^ ]*\)$/  {"lib\2", (void *) \&\2},/p'\'''
lt_cv_sys_global_symbol_to_cdecl='sed -n -e '\''s/^T .* \(.*\)$/extern int \1();/p'\'' -e '\''s/^[ABCDGIRSTW]* .* \(.*\)$/extern char \1;/p'\'''
lt_cv_sys_max_cmd_len=1572864
lt_cv_to_host_file_cmd=func_convert_file_noop
lt_cv_to_tool_file_cmd=func_convert_file_noop
pkg_cv_DBUS_CFLAGS='-I/usr/include/dbus-1.0 -I/usr/lib/x86_64-linux-gnu/dbus-1.0/include'
pkg_cv_DBUS_LIBS=-ldbus-1
pkg_cv_GLIB_CFLAGS='-I/usr/include/glib-2.0 -I/usr/lib/x86_64-linux-gnu/glib-2.0/include'
pkg_cv_GLIB_LIBS=-lglib-2.0
pkg_cv_ICAL_CFLAGS=
pkg_cv_ICAL_LIBS='-lical -licalss -licalvcal'
pkg_cv_UDEV_CFLAGS=
pkg_cv_UDEV_LIBS=-ludev

## ----------------- ##
## Output variables. ##
## ----------------- ##

ACLOCAL='${SHELL} /home/engineer/bluez/bluez-5.31/missing aclocal-1.14'
AMDEPBACKSLASH='\'
AMDEP_FALSE='#'
AMDEP_TRUE=''
AMTAR='$${TAR-tar}'
AM_BACKSLASH='\'
AM_DEFAULT_V='$(AM_DEFAULT_VERBOSITY)'
AM_DEFAULT_VERBOSITY='0'
AM_V='$(V)'
ANDROID_FALSE=''
ANDROID_TRUE='#'
AR='ar'
AUTOCONF='${SHELL} /home/engineer/bluez/bluez-5.31/missing autoconf'
AUTOHEADER='${SHELL} /home/engineer/bluez/bluez-5.31/missing autoheader'
AUTOMAKE='${SHELL} /home/engineer/bluez/bluez-5.31/missing automake-1.14'
AWK='gawk'
CC='gcc'
CCDEPMODE='depmode=gcc3'
CFLAGS='-g -O2'
CLIENT_FALSE='#'
CLIENT_TRUE=''
CONFIGDIR='/etc/bluetooth'
COVERAGE_FALSE=''
COVERAGE_TRUE='#'
CPP='gcc -E'
CPPFLAGS=''
CUPS_FALSE='#'
CUPS_TRUE=''
CYGPATH_W='echo'
DATAFILES_FALSE='#'
DATAFILES_TRUE=''
DBUS_CFLAGS='-I/usr/include/dbus-1.0 -I/usr/lib/x86_64-linux-gnu/dbus-1.0/include'
DBUS_CONFDIR='/etc'
DBUS_LIBS='-ldbus-1'
DBUS_RUN_SESSION_FALSE='#'
DBUS_RUN_SESSION_TRUE=''
DBUS_SESSIONBUSDIR='/usr/share/dbus-1/services'
DBUS_SYSTEMBUSDIR='/usr/share/dbus-1/system-services'
DEFS='-DHAVE_CONFIG_H'
DEPDIR='.deps'
DLLTOOL='false'
DSYMUTIL=''
DUMPBIN=''
ECHO_C=''
ECHO_N='-n'
ECHO_T=''
EGREP='/usr/bin/grep -E'
EXEEXT=''
EXPERIMENTAL_FALSE='#'
EXPERIMENTAL_TRUE=''
FGREP='/usr/bin/grep -F'
GLIB_CFLAGS='-I/usr/include/glib-2.0 -I/usr/lib/x86_64-linux-gnu/glib-2.0/include'
GLIB_LIBS='-lglib-2.0'
GREP='/usr/bin/grep'
GTHREAD_CFLAGS=''
GTHREAD_LIBS=''
HID2HCI_FALSE='#'
HID2HCI_TRUE=''
ICAL_CFLAGS=''
ICAL_LIBS='-lical -licalss -licalvcal'
INSTALL_DATA='${INSTALL} -m 644'
INSTALL_PROGRAM='${INSTALL}'
INSTALL_SCRIPT='${INSTALL}'
INSTALL_STRIP_PROGRAM='$(install_sh) -c -s'
LD='/usr/bin/ld -m elf_x86_64'
LDFLAGS=''
LIBOBJS=''
LIBRARY_FALSE=''
LIBRARY_TRUE='#'
LIBS=''
LIBTOOL='$(SHELL) $(top_builddir)/libtool'
LIPO=''
LN_S='ln -s'
LTLIBOBJS=''
MAINT=''
MAINTAINER_MODE_FALSE='#'
MAINTAINER_MODE_TRUE=''
MAKEINFO='${SHELL} /home/engineer/bluez/bluez-5.31/missing makeinfo'
MANIFEST_TOOL=':'
MANPAGES_FALSE=''
MANPAGES_TRUE='#'
MISC_CFLAGS=''
MISC_LDFLAGS=''
MKDIR_P='/usr/bin/mkdir -p'
MONITOR_FALSE='#'
MONITOR_TRUE=''
NM='/usr/bin/nm -B'
NMEDIT=''
OBEX_FALSE='#'
OBEX_TRUE=''
OBJDUMP='objdump'
OBJEXT='o'
OTOOL64=''
OTOOL=''
PACKAGE='bluez'
PACKAGE_BUGREPORT=''
PACKAGE_NAME='bluez'
PACKAGE_STRING='bluez 5.31'
PACKAGE_TARNAME='bluez'
PACKAGE_URL=''
PACKAGE_VERSION='5.31'
PATH_SEPARATOR=':'
PKG_CONFIG='/usr/bin/pkg-config'
PKG_CONFIG_LIBDIR=''
PKG_CONFIG_PATH=''
RANLIB='ranlib'
READLINE_FALSE='#'
READLINE_TRUE=''
SBC_CFLAGS=''
SBC_LIBS=''
SED='/usr/bin/sed'
SET_MAKE=''
SHELL='/bin/bash'
SIXAXIS_FALSE=''
SIXAXIS_TRUE='#'
SPEEXDSP_CFLAGS=''
SPEEXDSP_LIBS=''
STRIP='strip'
SYSTEMD_FALSE=''
SYSTEMD_SYSTEMUNITDIR=''
SYSTEMD_TRUE='#'
SYSTEMD_USERUNITDIR=''
TEST_FALSE=''
TEST_TRUE='#'
TOOLS_FALSE='#'
TOOLS_TRUE=''
UDEV_CFLAGS=''
UDEV_DIR='/lib/udev'
UDEV_FALSE='#'
UDEV_LIBS='-ludev'
UDEV_TRUE=''
VERSION='5.31'
WARNING_CFLAGS=' -Wall -Werror -Wextra -Wno-unused-parameter -Wno-missing-field-initializers -Wdeclaration-after-statement -Wmissing-declarations -Wredundant-decls -Wcast-align -Wswitch-enum -Wformat -Wformat-security -DG_DISABLE_DEPRECATED -DGLIB_VERSION_MIN_REQUIRED=GLIB_VERSION_2_28 -DGLIB_VERSION_MAX_ALLOWED=GLIB_VERSION_2_28'
ac_ct_AR='ar'
ac_ct_CC='gcc'
ac_ct_DUMPBIN=''
am__EXEEXT_FALSE=''
am__EXEEXT_TRUE='#'
am__fastdepCC_FALSE='#'
am__fastdepCC_TRUE=''
am__include='include'
am__isrc=''
am__leading_dot='.'
am__nodep='_no'
am__quote=''
am__tar='tar --format=posix -chf - "$$tardir"'
am__untar='tar -xf -'
bindir='${exec_prefix}/bin'
build='x86_64-unknown-linux-gnu'
build_alias=''
build_cpu='x86_64'
build_os='linux-gnu'
build_vendor='unknown'
datadir='${datarootdir}'
datarootdir='${prefix}/share'
docdir='${datarootdir}/doc/${PACKAGE_TARNAME}'
dvidir='${docdir}'
enable_coverage='no'
enable_dbus_run_session='yes'
exec_prefix='${prefix}'
host='x86_64-unknown-linux-gnu'
host_alias=''
host_cpu='x86_64'
host_os='linux-gnu'
host_vendor='unknown'
htmldir='${docdir}'
includedir='${prefix}/include'
infodir='${datarootdir}/info'
install_sh='${SHELL} /home/engineer/bluez/bluez-5.31/install-sh'
libdir='${exec_prefix}/lib'
libexecdir='${exec_prefix}/libexec'
localedir='${datarootdir}/locale'
localstatedir='/var'
mandir='/usr/share/man'
mkdir_p='$(MKDIR_P)'
oldincludedir='/usr/include'
pdfdir='${docdir}'
prefix='/usr'
program_transform_name='s,x,x,'
psdir='${docdir}'
sbindir='${exec_prefix}/sbin'
sharedstatedir='${prefix}/com'
sysconfdir='/etc'
target_alias=''

## ----------- ##
## confdefs.h. ##
## ----------- ##

/* confdefs.h */
#define PACKAGE_NAME "bluez"
#define PACKAGE_TARNAME "bluez"
#define PACKAGE_VERSION "5.31"
#define PACKAGE_STRING "bluez 5.31"
#define PACKAGE_BUGREPORT ""
#define PACKAGE_URL ""
#define PACKAGE "bluez"
#define VERSION "5.31"
#define STDC_HEADERS 1
#define HAVE_SYS_TYPES_H 1
#define HAVE_SYS_STAT_H 1
#define HAVE_STDLIB_H 1
#define HAVE_STRING_H 1
#define HAVE_MEMORY_H 1
#define HAVE_STRINGS_H 1
#define HAVE_INTTYPES_H 1
#define HAVE_STDINT_H 1
#define HAVE_UNISTD_H 1
#define __EXTENSIONS__ 1
#define _ALL_SOURCE 1
#define _GNU_SOURCE 1
#define _POSIX_PTHREAD_SEMANTICS 1
#define _TANDEM_SOURCE 1
#define restrict __restrict
#define HAVE_DLFCN_H 1
#define LT_OBJDIR ".libs/"
#define HAVE_LINUX_TYPES_H 1
#define HAVE_LINUX_IF_ALG_H 1
#define HAVE_UDEV_HWDB_NEW 1
#define HAVE_READLINE_READLINE_H 1
#define STORAGEDIR "/var/lib/bluetooth"
#define CONFIGDIR "/etc/bluetooth"
#define ANDROID_STORAGEDIR "/var/lib/bluetooth/android"

configure: exit 0
